This is pdfTeX, Version 3.14159-1.00c-pretest-20020426 (MiKTeX 2.2) (preloaded format=latex 2000.11.28)  28 OCT 2009 17:01
**C:/Documents*and*Settings/elmao/My*Documents/thesis_template/thesis_main_eosg
.tex

(C:/Documents and Settings/elmao/My Documents/thesis_template/thesis_main_eosg.
tex{pdftex.cfg}
LaTeX2e <2001/06/01>
Babel <v3.7h> and hyphenation patterns for english, french, german, ngerman, du
mylang, nohyphenation, loaded.
(C:\texmf\tex\latex\base\book.cls
Document Class: book 2001/04/21 v1.4e Standard LaTeX document class
(C:\texmf\tex\latex\base\bk11.clo
File: bk11.clo 2001/04/21 v1.4e Standard LaTeX file (size option)
)
\c@part=\count79
\c@chapter=\count80
\c@section=\count81
\c@subsection=\count82
\c@subsubsection=\count83
\c@paragraph=\count84
\c@subparagraph=\count85
\c@figure=\count86
\c@table=\count87
\abovecaptionskip=\skip41
\belowcaptionskip=\skip42
\bibindent=\dimen102
) (C:\texmf\tex\latex\amsmath\amsmath.sty
Package: amsmath 2000/07/18 v2.13 AMS math features
\@mathmargin=\skip43

For additional information on amsmath, use the `?' option.
(C:\texmf\tex\latex\amsmath\amstext.sty
Package: amstext 2000/06/29 v2.01
 (C:\texmf\tex\latex\amsmath\amsgen.sty
File: amsgen.sty 1999/11/30 v2.0
\@emptytoks=\toks14
\ex@=\dimen103
)) (C:\texmf\tex\latex\amsmath\amsbsy.sty
Package: amsbsy 1999/11/29 v1.2d
\pmbraise@=\dimen104
)
(C:\texmf\tex\latex\amsmath\amsopn.sty
Package: amsopn 1999/12/14 v2.01 operator names
)
\inf@bad=\count88
LaTeX Info: Redefining \frac on input line 211.
\uproot@=\count89
\leftroot@=\count90
LaTeX Info: Redefining \overline on input line 307.
\classnum@=\count91
\DOTSCASE@=\count92
LaTeX Info: Redefining \ldots on input line 379.
LaTeX Info: Redefining \dots on input line 382.
LaTeX Info: Redefining \cdots on input line 467.
\Mathstrutbox@=\box26
\strutbox@=\box27
\big@size=\dimen105
LaTeX Font Info:    Redeclaring font encoding OML on input line 567.
LaTeX Font Info:    Redeclaring font encoding OMS on input line 568.
\macc@depth=\count93
\c@MaxMatrixCols=\count94
\dotsspace@=\muskip10
\c@parentequation=\count95
\dspbrk@lvl=\count96
\tag@help=\toks15
\row@=\count97
\column@=\count98
\maxfields@=\count99
\andhelp@=\toks16
\eqnshift@=\dimen106
\alignsep@=\dimen107
\tagshift@=\dimen108
\tagwidth@=\dimen109
\totwidth@=\dimen110
\lineht@=\dimen111
\@envbody=\toks17
\multlinegap=\skip44
\multlinetaggap=\skip45
\mathdisplay@stack=\toks18
LaTeX Info: Redefining \[ on input line 2666.
LaTeX Info: Redefining \] on input line 2667.
)
(C:\texmf\tex\latex\amsfonts\amssymb.sty
Package: amssymb 2002/01/22 v2.2d

(C:\texmf\tex\latex\amsfonts\amsfonts.sty
Package: amsfonts 2001/10/25 v2.2f
\symAMSa=\mathgroup4
\symAMSb=\mathgroup5
LaTeX Font Info:    Overwriting math alphabet `\mathfrak' in version `bold'
(Font)                  U/euf/m/n --> U/euf/b/n on input line 132.
))
(C:\texmf\tex\latex\graphics\graphicx.sty
Package: graphicx 1999/02/16 v1.0f Enhanced LaTeX Graphics (DPC,SPQR)

(C:\texmf\tex\latex\graphics\keyval.sty
Package: keyval 1999/03/16 v1.13 key=value parser (DPC)
\KV@toks@=\toks19
)
(C:\texmf\tex\latex\graphics\graphics.sty
Package: graphics 2001/07/07 v1.0n Standard LaTeX Graphics (DPC,SPQR)
 (C:\texmf\tex\latex\graphics\trig.sty
Package: trig 1999/03/16 v1.09 sin cos tan (DPC)
) (C:\texmf\tex\latex\00miktex\graphics.cfg)
Package graphics Info: Driver file: pdftex.def on input line 80.

(C:\texmf\tex\latex\graphics\pdftex.def
File: pdftex.def 2001/11/29 v0.03i graphics/color for pdftex
\Gread@gobject=\count100
))
\Gin@req@height=\dimen112
\Gin@req@width=\dimen113
)
(C:\texmf\tex\latex\subfigure\subfigure.sty
Package: subfigure 2002/03/15 v2.1.5 subfigure package
\subfigtopskip=\skip46
\subfigcapskip=\skip47
\subfigcaptopadj=\dimen114
\subfigbottomskip=\skip48
\subfigcapmargin=\dimen115
\subfiglabelskip=\skip49
\c@subfigure=\count101
\c@lofdepth=\count102
\c@subtable=\count103
\c@lotdepth=\count104

****************************************
* Local config file subfigure.cfg used *
****************************************
(C:\texmf\tex\latex\subfigure\subfigure.cfg)
\subfig@top=\skip50
\subfig@bottom=\skip51
)
(C:\texmf\tex\latex\graphics\color.sty
Package: color 1999/02/16 v1.0i Standard LaTeX Color (DPC)
 (C:\texmf\tex\latex\00miktex\color.cfg)
Package color Info: Driver file: pdftex.def on input line 125.
) (C:\texmf\tex\latex\hyperref\hyperref.sty
Package: hyperref 2002/09/04 v6.72x Hypertext links for LaTeX
\@linkdim=\dimen116
\Hy@linkcounter=\count105
\Hy@pagecounter=\count106

(C:\texmf\tex\latex\hyperref\pd1enc.def
File: pd1enc.def 2002/09/04 v6.72x Hyperref: PDFDocEncoding definition (HO)
)
(C:\texmf\tex\latex\00miktex\hyperref.cfg)
Package hyperref Info: Hyper figures OFF on input line 1787.
Package hyperref Info: Link nesting OFF on input line 1792.
Package hyperref Info: Hyper index ON on input line 1795.
Package hyperref Info: Plain pages ON on input line 1800.
Package hyperref Info: Backreferencing OFF on input line 1807.

Implicit mode ON; LaTeX internals redefined
Package hyperref Info: Bookmarks ON on input line 1911.
(C:\texmf\tex\latex\ltxmisc\url.sty
\Urlmuskip=\muskip11
Package: url 1999/03/28  ver 1.5x  Verb mode for urls, etc.
)
LaTeX Info: Redefining \url on input line 2047.
\Fld@menulength=\count107
\Field@Width=\dimen117
\Fld@charsize=\dimen118
\Choice@toks=\toks20
\Field@toks=\toks21
Package hyperref Info: Hyper figures OFF on input line 2505.
Package hyperref Info: Link nesting OFF on input line 2510.
Package hyperref Info: Hyper index ON on input line 2513.
Package hyperref Info: backreferencing OFF on input line 2520.
Package hyperref Info: Link coloring OFF on input line 2525.
\c@Item=\count108
\c@Hfootnote=\count109
)
*hyperref using driver hpdftex*
(C:\texmf\tex\latex\hyperref\hpdftex.def
File: hpdftex.def 2002/09/04 v6.72x Hyperref driver for pdfTeX
 (C:\texmf\tex\latex\psnfss\pifont.sty
Package: pifont 2001/06/04 PSNFSS-v8.2 Pi font support (SPQR) 
LaTeX Font Info:    Try loading font information for U+pzd on input line 62.

(C:\texmf\tex\latex\psnfss\upzd.fd
File: upzd.fd 2001/06/04 font definitions for U/pzd.
)
LaTeX Font Info:    Try loading font information for U+psy on input line 63.
 (C:\texmf\tex\latex\psnfss\upsy.fd
File: upsy.fd 2001/06/04 font definitions for U/psy.
))
\Fld@listcount=\count110
\@outlinefile=\write3
)
(C:\texmf\tex\latex\datetime\latexpackages\datetime.sty
Package: datetime 2005/11/24 v2.48 Date Time Package

(C:\texmf\tex\latex\datetime\latexpackages\fmtcount.sty
Package: fmtcount 2006/07/29 v1.04

(C:\texmf\tex\latex\base\ifthen.sty
Package: ifthen 2001/05/26 v1.1c Standard LaTeX ifthen package (DPC)
)
\c@padzeroesN=\count111

No configuration file fmtcount.cfg found.
\@DT@modctr=\count112
\@ordinalctr=\count113
\@orgargctr=\count114
\@strctr=\count115
\@tmpstrctr=\count116
\@DT@loopN=\count117
\@DT@X=\count118
(C:\texmf\tex\latex\datetime\latexpackages\fc-english.def
File: fc-english 2005/04/29
))
\@day=\count119
\@month=\count120
\@year=\count121

No datetime.cfg file found
\@dtctr=\count122
\dayofyear=\count123
\dayofweek=\count124
LaTeX Info: Redefining \today on input line 409.
\c@HOUR=\count125
\c@HOURXII=\count126
\c@MINUTE=\count127
\c@TOHOUR=\count128
\c@TOMINUTE=\count129
) (C:\texmf\tex\latex\rotating\rotating.sty
Package: rotating 1997/09/26 v2.13 Rotation package
\c@r@tfl@t=\count130
\rot@float@box=\box28
)
(C:\texmf\tex\latex\setspace\setspace.sty
Package: setspace 2000/12/01 6.7 Contributed and Supported LaTeX2e package

Package: `setspace' 6.7 <2000/12/01>
)
\c@theorem=\count131
\@indexfile=\write4

Writing index file thesis_main_eosg.idx
\@input{frontpage.aux}
(frontpage.tex) (thesis_main_eosg.aux (abbreviations.aux) (ch1.aux) (ch2.aux)
(ch3.aux))
LaTeX Font Info:    Checking defaults for OML/cmm/m/it on input line 60.
LaTeX Font Info:    ... okay on input line 60.
LaTeX Font Info:    Checking defaults for T1/cmr/m/n on input line 60.
LaTeX Font Info:    ... okay on input line 60.
LaTeX Font Info:    Checking defaults for OT1/cmr/m/n on input line 60.
LaTeX Font Info:    ... okay on input line 60.
LaTeX Font Info:    Checking defaults for OMS/cmsy/m/n on input line 60.
LaTeX Font Info:    ... okay on input line 60.
LaTeX Font Info:    Checking defaults for OMX/cmex/m/n on input line 60.
LaTeX Font Info:    ... okay on input line 60.
LaTeX Font Info:    Checking defaults for U/cmr/m/n on input line 60.
LaTeX Font Info:    ... okay on input line 60.
LaTeX Font Info:    Checking defaults for PD1/pdf/m/n on input line 60.
LaTeX Font Info:    ... okay on input line 60.
 (C:\texmf\tex\context\base\supp-pdf.tex
(C:\texmf\tex\context\base\supp-mis.tex
loading : Context Support Macros / Missing
\protectiondepth=\count132
\scratchcounter=\count133
\scratchdimen=\dimen119
\scratchskip=\skip52
\scratchmuskip=\muskip12
\scratchbox=\box29
\scratchread=\read1
\scratchwrite=\write5
\nextbox=\box30
\nextdepth=\dimen120
\everyline=\toks22
\!!counta=\count134
\!!countb=\count135
\recursecounter=\count136
)
loading : Context Support Macros / PDF
\nofMPsegments=\count137
\nofMParguments=\count138
)
Package hyperref Info: Link coloring OFF on input line 60.
 (C:\texmf\tex\latex\hyperref\nameref.sty
Package: nameref 2001/01/27 v2.19 Cross-referencing by name of section
\c@section@level=\count139
)
LaTeX Info: Redefining \ref on input line 60.
LaTeX Info: Redefining \pageref on input line 60.
 (thesis_main_eosg.out)
(thesis_main_eosg.out)
Underfull \hbox (badness 10000) in paragraph at lines 61--61

 []

[1




{psfonts.map}] (abstract.tex)
Underfull \vbox (badness 10000) has occurred while \output is active []

 [2

]
(declaration.tex
LaTeX Font Info:    Try loading font information for U+msa on input line 21.
 (C:\texmf\tex\latex\amsfonts\umsa.fd
File: umsa.fd 2002/01/19 v2.2g AMS font definitions
)
LaTeX Font Info:    Try loading font information for U+msb on input line 21.

(C:\texmf\tex\latex\amsfonts\umsb.fd
File: umsb.fd 2002/01/19 v2.2g AMS font definitions
)) [3

] (acknowledgements.tex)
Underfull \vbox (badness 10000) has occurred while \output is active []

 [4

]
(thesis_main_eosg.toc)
\tf@toc=\write6

! pdfTeX warning (ext4): destination with the same identifier (name{page.1}) ha
s been already used, duplicate ignored
<to be read again> 
                   \penalty 
l.88 \listoffigures
                    [1

] (thesis_main_eosg.lof)
\tf@lof=\write7

! pdfTeX warning (ext4): destination with the same identifier (name{page.2}) ha
s been already used, duplicate ignored
<to be read again> 
                   \penalty 
l.90 \listoftables
                   [2

] (thesis_main_eosg.lot)
\tf@lot=\write8

! pdfTeX warning (ext4): destination with the same identifier (name{page.3}) ha
s been already used, duplicate ignored
<to be read again> 
                   \penalty 
l.92 \include{abbreviations}
                             [3

]
No file abbreviations.tex.
(intro.tex)
Underfull \vbox (badness 10000) has occurred while \output is active []


! pdfTeX warning (ext4): destination with the same identifier (name{page.4}) ha
s been already used, duplicate ignored
<to be read again> 
                   \penalty 
l.112 \pagestyle
                {headings} [4



] (ch1.tex
Chapter 1.

LaTeX Warning: Reference `fig:brainmid' on page 1 undefined on input line 11.


Underfull \hbox (badness 10000) in paragraph at lines 11--12

 []

<figures/070108_brain_parts.png, id=141, 704.6325pt x 227.85126pt>
File: figures/070108_brain_parts.png Graphic file (type png)

<use figures/070108_brain_parts.png>
Overfull \hbox (42.55754pt too wide) in paragraph at lines 15--16
 [][] 
 []


Underfull \hbox (badness 10000) in paragraph at lines 23--24

 []

! pdfTeX warning (ext4): destination with the same identifier (name{page.1}) ha
s been already used, duplicate ignored
<to be read again> 
                   \penalty 
l.24 
      [1


]
Underfull \hbox (badness 10000) in paragraph at lines 30--31

 []

)
! pdfTeX warning (ext4): destination with the same identifier (name{page.2}) ha
s been already used, duplicate ignored
<to be read again> 
                   \penalty 
l.128 \include{ch1}
                    [2 <figures/070108_brain_parts.png>] (ch2.tex
Chapter 2.
)
! pdfTeX warning (ext4): destination with the same identifier (name{page.3}) ha
s been already used, duplicate ignored
<to be read again> 
                   \penalty 
l.129 \include{ch2}
                    [3



] (ch3.tex
Chapter 3.
)
! pdfTeX warning (ext4): destination with the same identifier (name{page.4}) ha
s been already used, duplicate ignored
<to be read again> 
                   \penalty 
l.130 \include{ch3}
                    [4



] (thesis_main_eosg.bbl) [5


] (thesis_main_eosg.aux
(abbreviations.aux) (ch1.aux) (ch2.aux) (ch3.aux))

LaTeX Warning: There were undefined references.

 )<cmsl10.pfb><cmti10.pfb><cmr8.pfb><cmbx10.pfb><cmbx12.pfb><cmtt10.pfb><cmti12
.pfb><cmr12.pfb><cmr17.pfb><cmr10.pfb>
Output written on thesis_main_eosg.pdf (13 pages, 146121 bytes).
